{"/Users/audreyjordansouop/Documents/TaTi/src/lib/tool-naming.ts": {"path":"/Users/audreyjordansouop/Documents/TaTi/src/lib/tool-naming.ts","statementMap":{"0":{"start":{"line":7,"column":16},"end":{"line":7,"column":null}},"1":{"start":{"line":9,"column":15},"end":{"line":9,"column":null}},"2":{"start":{"line":10,"column":2},"end":{"line":10,"column":null}},"3":{"start":{"line":16,"column":12},"end":{"line":16,"column":null}},"4":{"start":{"line":17,"column":2},"end":{"line":17,"column":null}},"5":{"start":{"line":17,"column":10},"end":{"line":17,"column":null}},"6":{"start":{"line":18,"column":2},"end":{"line":18,"column":null}},"7":{"start":{"line":22,"column":2},"end":{"line":22,"column":null}}},"fnMap":{"0":{"name":"encodeToolName","decl":{"start":{"line":5,"column":16},"end":{"line":5,"column":31}},"loc":{"start":{"line":5,"column":75},"end":{"line":11,"column":null}},"line":5},"1":{"name":"decodeToolName","decl":{"start":{"line":13,"column":16},"end":{"line":13,"column":null}},"loc":{"start":{"line":15,"column":54},"end":{"line":19,"column":null}},"line":15},"2":{"name":"shortServerId","decl":{"start":{"line":21,"column":16},"end":{"line":21,"column":30}},"loc":{"start":{"line":21,"column":56},"end":{"line":23,"column":null}},"line":21}},"branchMap":{"0":{"loc":{"start":{"line":17,"column":2},"end":{"line":17,"column":null}},"type":"if","locations":[{"start":{"line":17,"column":2},"end":{"line":17,"column":null}},{"start":{},"end":{}}],"line":17}},"s":{"0":1,"1":1,"2":1,"3":2,"4":2,"5":1,"6":1,"7":1},"f":{"0":1,"1":2,"2":1},"b":{"0":[1,1]},"meta":{"lastBranch":1,"lastFunction":3,"lastStatement":8,"seen":{"f:5:16:5:31":0,"s:7:16:7:Infinity":0,"s:9:15:9:Infinity":1,"s:10:2:10:Infinity":2,"f:13:16:13:Infinity":1,"s:16:12:16:Infinity":3,"b:17:2:17:Infinity:undefined:undefined:undefined:undefined":0,"s:17:2:17:Infinity":4,"s:17:10:17:Infinity":5,"s:18:2:18:Infinity":6,"f:21:16:21:30":2,"s:22:2:22:Infinity":7}}}
}
